  FileName.cpp
C:\Users\M7md Qash\source\repos\Pthread\Pthread\FileName.cpp(23,22): warning C4018: '<': signed/unsigned mismatch
C:\Users\M7md Qash\source\repos\Pthread\Pthread\FileName.cpp(63,18): warning C4244: 'argument': conversion from 'double' to 'const unsigned __int64', possible loss of data
D:\MicrosoftVisualStudio\VC\Tools\MSVC\14.39.33519\include\type_traits(1739,98): warning C4244: 'argument': conversion from '__int64' to 'int', possible loss of data
  (compiling source file 'FileName.cpp')
  D:\MicrosoftVisualStudio\VC\Tools\MSVC\14.39.33519\include\type_traits(1739,98):
  the template instantiation context (the oldest one first) is
  	C:\Users\M7md Qash\source\repos\Pthread\Pthread\FileName.cpp(54,16):
  	see reference to function template instantiation 'void std::vector<std::thread,std::allocator<std::thread>>::emplace_back<void(__cdecl &)(const std::vector<__int64,std::allocator<__int64>> &,__int64,__int64,int),std::reference_wrapper<const std::vector<__int64,std::allocator<__int64>>>,_Ty&,_Ty&,__int64>(void (__cdecl &)(const std::vector<__int64,std::allocator<__int64>> &,__int64,__int64,int),std::reference_wrapper<const std::vector<__int64,std::allocator<__int64>>> &&,_Ty &,_Ty &,__int64 &&)' being compiled
          with
          [
              _Ty=size_t
          ]
  	D:\MicrosoftVisualStudio\VC\Tools\MSVC\14.39.33519\include\vector(862,24):
  	see reference to function template instantiation '_Ty &std::vector<_Ty,std::allocator<_Ty>>::_Emplace_one_at_back<void(__cdecl &)(const std::vector<__int64,std::allocator<__int64>> &,__int64,__int64,int),std::reference_wrapper<const std::vector<__int64,std::allocator<__int64>>>,unsigned __int64&,unsigned __int64&,__int64>(void (__cdecl &)(const std::vector<__int64,std::allocator<__int64>> &,__int64,__int64,int),std::reference_wrapper<const std::vector<__int64,std::allocator<__int64>>> &&,unsigned __int64 &,unsigned __int64 &,__int64 &&)' being compiled
          with
          [
              _Ty=std::thread
          ]
  	D:\MicrosoftVisualStudio\VC\Tools\MSVC\14.39.33519\include\vector(780,20):
  	see reference to function template instantiation '_Ty &std::vector<_Ty,std::allocator<_Ty>>::_Emplace_back_with_unused_capacity<void(__cdecl &)(const std::vector<__int64,std::allocator<__int64>> &,__int64,__int64,int),std::reference_wrapper<const std::vector<__int64,std::allocator<__int64>>>,unsigned __int64&,unsigned __int64&,__int64>(void (__cdecl &)(const std::vector<__int64,std::allocator<__int64>> &,__int64,__int64,int),std::reference_wrapper<const std::vector<__int64,std::allocator<__int64>>> &&,unsigned __int64 &,unsigned __int64 &,__int64 &&)' being compiled
          with
          [
              _Ty=std::thread
          ]
  	D:\MicrosoftVisualStudio\VC\Tools\MSVC\14.39.33519\include\vector(798,27):
  	see reference to function template instantiation 'void std::_Default_allocator_traits<_Alloc>::construct<_Ty,void(__cdecl &)(const std::vector<__int64,std::allocator<__int64>> &,__int64,__int64,int),std::reference_wrapper<const std::vector<__int64,std::allocator<__int64>>>,unsigned __int64&,unsigned __int64&,__int64>(_Alloc &,_Objty *const ,void (__cdecl &)(const std::vector<__int64,std::allocator<__int64>> &,__int64,__int64,int),std::reference_wrapper<const std::vector<__int64,std::allocator<__int64>>> &&,unsigned __int64 &,unsigned __int64 &,__int64 &&)' being compiled
          with
          [
              _Alloc=std::allocator<std::thread>,
              _Ty=std::thread,
              _Objty=std::thread
          ]
  	D:\MicrosoftVisualStudio\VC\Tools\MSVC\14.39.33519\include\xmemory(727,82):
  	see reference to function template instantiation 'std::thread::thread<void(__cdecl &)(const std::vector<__int64,std::allocator<__int64>> &,__int64,__int64,int),_Ty,unsigned __int64&,unsigned __int64&,__int64,0>(_Fn,_Ty &&,unsigned __int64 &,unsigned __int64 &,__int64 &&)' being compiled
          with
          [
              _Ty=std::reference_wrapper<const std::vector<__int64,std::allocator<__int64>>>,
              _Fn=void (__cdecl &)(const std::vector<__int64,std::allocator<__int64>> &,__int64,__int64,int)
          ]
  	D:\MicrosoftVisualStudio\VC\Tools\MSVC\14.39.33519\include\thread(93,9):
  	see reference to function template instantiation 'void std::thread::_Start<void(__cdecl &)(const std::vector<__int64,std::allocator<__int64>> &,__int64,__int64,int),_Ty,unsigned __int64&,unsigned __int64&,__int64>(_Fn,_Ty &&,unsigned __int64 &,unsigned __int64 &,__int64 &&)' being compiled
          with
          [
              _Ty=std::reference_wrapper<const std::vector<__int64,std::allocator<__int64>>>,
              _Fn=void (__cdecl &)(const std::vector<__int64,std::allocator<__int64>> &,__int64,__int64,int)
          ]
  	D:\MicrosoftVisualStudio\VC\Tools\MSVC\14.39.33519\include\thread(76,40):
  	see reference to function template instantiation 'unsigned int (__cdecl *std::thread::_Get_invoke<_Tuple,0,1,2,3,4>(std::integer_sequence<size_t,0,1,2,3,4>) noexcept)(void *)' being compiled
  	D:\MicrosoftVisualStudio\VC\Tools\MSVC\14.39.33519\include\thread(67,17):
  	see reference to function template instantiation 'unsigned int std::thread::_Invoke<_Tuple,0,1,2,3,4>(void *) noexcept' being compiled
  	D:\MicrosoftVisualStudio\VC\Tools\MSVC\14.39.33519\include\thread(60,14):
  	see reference to function template instantiation 'void std::invoke<void(__cdecl *)(const std::vector<__int64,std::allocator<__int64>> &,__int64,__int64,int),std::reference_wrapper<const std::vector<__int64,std::allocator<__int64>>>,unsigned __int64,unsigned __int64,__int64>(_Callable &&,_Ty1 &&,unsigned __int64 &&,unsigned __int64 &&,__int64 &&) noexcept(false)' being compiled
          with
          [
              _Callable=void (__cdecl *)(const std::vector<__int64,std::allocator<__int64>> &,__int64,__int64,int),
              _Ty1=std::reference_wrapper<const std::vector<__int64,std::allocator<__int64>>>
          ]
  
LINK : fatal error LNK1104: cannot open file 'D:\pthreads-w32-2-9-1-release\Pre-built.2\lib\x86\pthreadVC2.lib'
